<?xml version="1.0" encoding="UTF-8" ?>
<testsuites disabled="0" errors="0" failures="2" tests="1" time="444.469">
 <testsuite name="Alerts: Creating Fixed Limit models" timestamp="2020-01-15T17:25:54" hostname="localhost" time="444.469" errors="0" tests="1" skipped="0" disabled="0" failures="2">
  <testcase classname="Alerts: Creating Fixed Limit models" name="Verify the duration drop down displays only: seconds, minutes and hour." time="294.45">
   <failure type="exception" message="Error: Timeout - Async callback was not invoked within timeout specified by jasmine.DEFAULT_TIMEOUT_INTERVAL."><![CDATA[Error: Timeout - Async callback was not invoked within timeout specified by jasmine.DEFAULT_TIMEOUT_INTERVAL.
    at Timeout._onTimeout (d:\AtonixAzureRepo\New_Repo_Atonix_Automation\atx-test-automation\node_modules\jasmine\node_modules\jasmine-core\lib\jasmine-core\jasmine.js:4281:23)
    at listOnTimeout (timers.js:324:15)
    at processTimers (timers.js:268:5)]]>
   </failure>
   <failure type="exception" message="Failed: element click intercepted: Element &lt;div class=&quot;tab configTab tab-label&quot; ng-class=&quot;{ &apos;activeTab&apos; : $ctrl.modelConfig.PaneConfig.ActiveConfiguration === &apos;...&apos; }&quot; ng-click=&quot;$ctrl.localChange(&apos;ActiveConfiguration&apos;, &apos;Alerts&apos;); $ctrl.localChange(&apos;ShowHide Range Selector&apos;, false)&quot;&gt;Alerts&lt;/div&gt; is not clickable at point (1689, 545). Other element would receive the click: &lt;div class=&quot;loadingSheen&quot; ng-show=&quot;$ctrl.modelConfig.PaneConfig.Loading&quot; style=&quot;&quot;&gt;...&lt;/div&gt;
  (Session info: chrome=79.0.3945.117)
  (Driver info: chromedriver=79.0.3945.16 (93fcc21110c10dbbd49bbff8f472335360e31d05-refs/branch-heads/3945@{#262}),platform=Windows NT 10.0.18362 x86_64)"><![CDATA[WebDriverError: element click intercepted: Element <div class="tab configTab tab-label" ng-class="{ 'activeTab' : $ctrl.modelConfig.PaneConfig.ActiveConfiguration === '...' }" ng-click="$ctrl.localChange('ActiveConfiguration', 'Alerts'); $ctrl.localChange('ShowHide Range Selector', false)">Alerts</div> is not clickable at point (1689, 545). Other element would receive the click: <div class="loadingSheen" ng-show="$ctrl.modelConfig.PaneConfig.Loading" style="">...</div>
  (Session info: chrome=79.0.3945.117)
  (Driver info: chromedriver=79.0.3945.16 (93fcc21110c10dbbd49bbff8f472335360e31d05-refs/branch-heads/3945@{#262}),platform=Windows NT 10.0.18362 x86_64)
    at Object.checkLegacyResponse (d:\AtonixAzureRepo\New_Repo_Atonix_Automation\atx-test-automation\node_modules\selenium-webdriver\lib\error.js:546:15)
    at parseHttpResponse (d:\AtonixAzureRepo\New_Repo_Atonix_Automation\atx-test-automation\node_modules\selenium-webdriver\lib\http.js:509:13)
    at doSend.then.response (d:\AtonixAzureRepo\New_Repo_Atonix_Automation\atx-test-automation\node_modules\selenium-webdriver\lib\http.js:441:30)
    at process.internalTickCallback (internal/process/next_tick.js:77:7)
From: Task: WebElement.click()
    at thenableWebDriverProxy.schedule (d:\AtonixAzureRepo\New_Repo_Atonix_Automation\atx-test-automation\node_modules\selenium-webdriver\lib\webdriver.js:807:17)
    at WebElement.schedule_ (d:\AtonixAzureRepo\New_Repo_Atonix_Automation\atx-test-automation\node_modules\selenium-webdriver\lib\webdriver.js:2010:25)
    at WebElement.click (d:\AtonixAzureRepo\New_Repo_Atonix_Automation\atx-test-automation\node_modules\selenium-webdriver\lib\webdriver.js:2092:17)
    at actionFn (d:\AtonixAzureRepo\New_Repo_Atonix_Automation\atx-test-automation\node_modules\protractor\built\element.js:89:44)
    at Array.map (<anonymous>)
    at actionResults.getWebElements.then (d:\AtonixAzureRepo\New_Repo_Atonix_Automation\atx-test-automation\node_modules\protractor\built\element.js:461:65)
    at ManagedPromise.invokeCallback_ (d:\AtonixAzureRepo\New_Repo_Atonix_Automation\atx-test-automation\node_modules\selenium-webdriver\lib\promise.js:1376:14)
    at TaskQueue.execute_ (d:\AtonixAzureRepo\New_Repo_Atonix_Automation\atx-test-automation\node_modules\selenium-webdriver\lib\promise.js:3084:14)
    at TaskQueue.executeNext_ (d:\AtonixAzureRepo\New_Repo_Atonix_Automation\atx-test-automation\node_modules\selenium-webdriver\lib\promise.js:3067:27)
    at asyncRun (d:\AtonixAzureRepo\New_Repo_Atonix_Automation\atx-test-automation\node_modules\selenium-webdriver\lib\promise.js:2927:27)Error
    at ElementArrayFinder.applyAction_ (d:\AtonixAzureRepo\New_Repo_Atonix_Automation\atx-test-automation\node_modules\protractor\built\element.js:459:27)
    at ElementArrayFinder.(anonymous function).args [as click] (d:\AtonixAzureRepo\New_Repo_Atonix_Automation\atx-test-automation\node_modules\protractor\built\element.js:91:29)
    at ElementFinder.(anonymous function).args [as click] (d:\AtonixAzureRepo\New_Repo_Atonix_Automation\atx-test-automation\node_modules\protractor\built\element.js:831:22)
    at Object.<anonymous> (d:\AtonixAzureRepo\New_Repo_Atonix_Automation\atx-test-automation\apps\e2e\ConvertedJS\specs\Alerts\spec05_Model_Config_Add Alerts_Constraints.js:91:26)
    at step (d:\AtonixAzureRepo\New_Repo_Atonix_Automation\atx-test-automation\node_modules\tslib\tslib.js:133:27)
    at Object.next (d:\AtonixAzureRepo\New_Repo_Atonix_Automation\atx-test-automation\node_modules\tslib\tslib.js:114:57)
    at fulfilled (d:\AtonixAzureRepo\New_Repo_Atonix_Automation\atx-test-automation\node_modules\tslib\tslib.js:104:62)
    at process.internalTickCallback (internal/process/next_tick.js:77:7)
From: Task: Run it("Verify the duration drop down displays only: seconds, minutes and hour.") in control flow
    at UserContext.<anonymous> (d:\AtonixAzureRepo\New_Repo_Atonix_Automation\atx-test-automation\node_modules\jasminewd2\index.js:94:19)
    at attempt (d:\AtonixAzureRepo\New_Repo_Atonix_Automation\atx-test-automation\node_modules\jasmine\node_modules\jasmine-core\lib\jasmine-core\jasmine.js:4297:26)
    at QueueRunner.run (d:\AtonixAzureRepo\New_Repo_Atonix_Automation\atx-test-automation\node_modules\jasmine\node_modules\jasmine-core\lib\jasmine-core\jasmine.js:4217:20)
    at runNext (d:\AtonixAzureRepo\New_Repo_Atonix_Automation\atx-test-automation\node_modules\jasmine\node_modules\jasmine-core\lib\jasmine-core\jasmine.js:4257:20)
    at d:\AtonixAzureRepo\New_Repo_Atonix_Automation\atx-test-automation\node_modules\jasmine\node_modules\jasmine-core\lib\jasmine-core\jasmine.js:4264:13
    at d:\AtonixAzureRepo\New_Repo_Atonix_Automation\atx-test-automation\node_modules\jasmine\node_modules\jasmine-core\lib\jasmine-core\jasmine.js:4172:9
    at d:\AtonixAzureRepo\New_Repo_Atonix_Automation\atx-test-automation\node_modules\jasminewd2\index.js:64:48
    at ControlFlow.emit (d:\AtonixAzureRepo\New_Repo_Atonix_Automation\atx-test-automation\node_modules\selenium-webdriver\lib\events.js:62:21)
    at ControlFlow.shutdown_ (d:\AtonixAzureRepo\New_Repo_Atonix_Automation\atx-test-automation\node_modules\selenium-webdriver\lib\promise.js:2674:10)
    at shutdownTask_.MicroTask (d:\AtonixAzureRepo\New_Repo_Atonix_Automation\atx-test-automation\node_modules\selenium-webdriver\lib\promise.js:2599:53)
From asynchronous test: 
Error
    at Suite.<anonymous> (d:\AtonixAzureRepo\New_Repo_Atonix_Automation\atx-test-automation\apps\e2e\ConvertedJS\specs\Alerts\spec05_Model_Config_Add Alerts_Constraints.js:29:5)
    at addSpecsToSuite (d:\AtonixAzureRepo\New_Repo_Atonix_Automation\atx-test-automation\node_modules\jasmine\node_modules\jasmine-core\lib\jasmine-core\jasmine.js:1107:25)
    at Env.describe (d:\AtonixAzureRepo\New_Repo_Atonix_Automation\atx-test-automation\node_modules\jasmine\node_modules\jasmine-core\lib\jasmine-core\jasmine.js:1074:7)
    at describe (d:\AtonixAzureRepo\New_Repo_Atonix_Automation\atx-test-automation\node_modules\jasmine\node_modules\jasmine-core\lib\jasmine-core\jasmine.js:4399:18)
    at Object.<anonymous> (d:\AtonixAzureRepo\New_Repo_Atonix_Automation\atx-test-automation\apps\e2e\ConvertedJS\specs\Alerts\spec05_Model_Config_Add Alerts_Constraints.js:7:1)
    at Module._compile (internal/modules/cjs/loader.js:723:30)
    at Object.Module._extensions..js (internal/modules/cjs/loader.js:734:10)
    at Module.load (internal/modules/cjs/loader.js:620:32)
    at tryModuleLoad (internal/modules/cjs/loader.js:560:12)]]>
   </failure>
  </testcase>
 </testsuite>
</testsuites>